2025-09-06 21:30:40,782 - INFO - Starting browser session with chrome...
2025-09-06 21:30:42,379 - INFO - chrome browser launched successfully.
2025-09-06 21:30:43,328 - INFO - URL opened successfully.
2025-09-06 21:30:43,329 - INFO - TC_AD_09 with Login Started..
2025-09-06 21:30:43,329 - INFO - Verify Student Personal Information Form with Valid Data
2025-09-06 21:30:43,330 - INFO - Starting login process for TC_AD_09
2025-09-06 21:30:43,982 - INFO - Sign Up for Free button clicked successfully.
2025-09-06 21:30:43,982 - INFO - Navigated to Sign Up page successfully.
2025-09-06 21:30:46,145 - INFO - Sign In link clicked successfully.
2025-09-06 21:30:46,145 - INFO - Navigated to Sign In page successfully.
2025-09-06 21:30:48,177 - INFO - Sign In page loaded successfully.
2025-09-06 21:30:48,623 - INFO - Email entered successfully in login form.
2025-09-06 21:30:48,623 - INFO - Email entered successfully in login form.
2025-09-06 21:30:48,863 - INFO - Password entered successfully in login form.
2025-09-06 21:30:48,863 - INFO - Password entered successfully in login form.
2025-09-06 21:30:49,692 - INFO - Log In button clicked successfully.
2025-09-06 21:30:49,692 - INFO - Log In button clicked successfully.
2025-09-06 21:30:53,489 - INFO - Login success message found: Login successful!
2025-09-06 21:30:53,504 - INFO - User authentication indicators found - login confirmed
2025-09-06 21:30:53,504 - INFO - Login completed successfully for user: john.doe.test__16@gmail.com
2025-09-06 21:30:53,504 - INFO - Login completed successfully before admission form
2025-09-06 21:31:06,009 - INFO - Apply Now button clicked successfully.
2025-09-06 21:31:08,238 - INFO - Full Name 'John Doe' entered successfully.
2025-09-06 21:31:09,062 - INFO - Gender 'Male' selected successfully.
2025-09-06 21:31:09,336 - INFO - Date of Birth '01/01/2010' entered successfully.
2025-09-06 21:31:10,200 - INFO - Nationality 'Bangladeshi' selected successfully.
2025-09-06 21:31:11,034 - INFO - Religion 'Islam' selected successfully.
2025-09-06 21:31:11,286 - INFO - Contact number '01712345678' entered successfully.
2025-09-06 21:31:11,685 - INFO - Email 'john@example.com' entered successfully.
2025-09-06 21:31:11,939 - INFO - Present Address 'mohakhali' entered successfully.
2025-09-06 21:31:13,113 - ERROR - Failed to click Save & Continue button: Message: element click intercepted: Element is not clickable at point (1277, 1372)
  (Session info: chrome=139.0.7258.157); For documentation on this error, please visit: https://www.selenium.dev/documentation/webdriver/troubleshooting/errors#elementclickinterceptedexception
Stacktrace:
	GetHandleVerifier [0x0x7ff6a2e13d85+79397]
	GetHandleVerifier [0x0x7ff6a2e13de0+79488]
	(No symbol) [0x0x7ff6a2bbc0fa]
	(No symbol) [0x0x7ff6a2c1afd9]
	(No symbol) [0x0x7ff6a2c18972]
	(No symbol) [0x0x7ff6a2c159c1]
	(No symbol) [0x0x7ff6a2c148b1]
	(No symbol) [0x0x7ff6a2c060e8]
	(No symbol) [0x0x7ff6a2c3b19a]
	(No symbol) [0x0x7ff6a2c05996]
	(No symbol) [0x0x7ff6a2c3b3b0]
	(No symbol) [0x0x7ff6a2c63344]
	(No symbol) [0x0x7ff6a2c3af73]
	(No symbol) [0x0x7ff6a2c041b1]
	(No symbol) [0x0x7ff6a2c04f43]
	GetHandleVerifier [0x0x7ff6a30de1ed+3005069]
	GetHandleVerifier [0x0x7ff6a30d831d+2980797]
	GetHandleVerifier [0x0x7ff6a30f7e0d+3110573]
	GetHandleVerifier [0x0x7ff6a2e2d6de+184190]
	GetHandleVerifier [0x0x7ff6a2e3516f+215567]
	GetHandleVerifier [0x0x7ff6a2e1c974+115220]
	GetHandleVerifier [0x0x7ff6a2e1cb29+115657]
	GetHandleVerifier [0x0x7ff6a2e03268+11016]
	BaseThreadInitThunk [0x0x7ffbf38ee8d7+23]
	RtlUserThreadStart [0x0x7ffbf575c34c+44]

2025-09-06 21:31:13,970 - INFO - Script complete.
2025-09-06 21:31:16,375 - INFO - Ending browser session...
2025-09-06 21:31:16,376 - INFO - ...................
2025-09-06 21:31:16,376 - INFO - ...................
2025-09-06 21:34:38,879 - INFO - Starting browser session with chrome...
2025-09-06 21:34:40,573 - INFO - chrome browser launched successfully.
2025-09-06 21:34:40,754 - INFO - URL opened successfully.
2025-09-06 21:34:40,757 - INFO - TC_AD_09 with Login Started..
2025-09-06 21:34:40,757 - INFO - Verify Student Personal Information Form with Valid Data
2025-09-06 21:34:40,758 - INFO - Starting login process for TC_AD_09
2025-09-06 21:34:42,592 - INFO - Sign Up for Free button clicked successfully.
2025-09-06 21:34:42,592 - INFO - Navigated to Sign Up page successfully.
2025-09-06 21:34:44,825 - INFO - Sign In link clicked successfully.
2025-09-06 21:34:44,826 - INFO - Navigated to Sign In page successfully.
2025-09-06 21:34:46,862 - INFO - Sign In page loaded successfully.
2025-09-06 21:34:47,304 - INFO - Email entered successfully in login form.
2025-09-06 21:34:47,304 - INFO - Email entered successfully in login form.
2025-09-06 21:34:47,540 - INFO - Password entered successfully in login form.
2025-09-06 21:34:47,541 - INFO - Password entered successfully in login form.
2025-09-06 21:34:48,412 - INFO - Log In button clicked successfully.
2025-09-06 21:34:48,412 - INFO - Log In button clicked successfully.
2025-09-06 21:34:52,262 - INFO - Login success message found: Login successful!
2025-09-06 21:34:52,278 - INFO - User authentication indicators found - login confirmed
2025-09-06 21:34:52,278 - INFO - Login completed successfully for user: john.doe.test__16@gmail.com
2025-09-06 21:34:52,278 - INFO - Login completed successfully before admission form
2025-09-06 21:35:04,549 - INFO - Apply Now button clicked successfully.
2025-09-06 21:35:06,757 - INFO - Full Name 'John Doe' entered successfully.
2025-09-06 21:35:07,580 - INFO - Gender 'Male' selected successfully.
2025-09-06 21:35:07,838 - INFO - Date of Birth '01/01/2010' entered successfully.
2025-09-06 21:35:08,724 - INFO - Nationality 'Bangladeshi' selected successfully.
2025-09-06 21:35:09,575 - INFO - Religion 'Islam' selected successfully.
2025-09-06 21:35:09,890 - INFO - Contact number '01712345678' entered successfully.
2025-09-06 21:35:10,201 - INFO - Email 'john@example.com' entered successfully.
2025-09-06 21:35:10,427 - INFO - Present Address 'mohakhali' entered successfully.
2025-09-06 21:35:13,607 - INFO - Save & Continue button clicked successfully.
2025-09-06 21:35:21,640 - INFO - Test Passed. All fields successfully accepted valid inputs without any errors
2025-09-06 21:35:21,640 - INFO - TC_AD_09 with Login Completed..
2025-09-06 21:35:21,644 - INFO - Script complete.
2025-09-06 21:35:24,018 - INFO - Ending browser session...
2025-09-06 21:35:24,018 - INFO - ...................
2025-09-06 21:35:24,018 - INFO - ...................
2025-09-06 21:39:12,662 - INFO - Starting browser session with chrome...
2025-09-06 21:39:14,222 - INFO - chrome browser launched successfully.
2025-09-06 21:39:15,423 - INFO - URL opened successfully.
2025-09-06 21:39:15,425 - INFO - TC_AD_09 with Login Started..
2025-09-06 21:39:15,425 - INFO - Verify Student Personal Information Form with Valid Data
2025-09-06 21:39:15,425 - INFO - Starting login process for TC_AD_09
2025-09-06 21:39:16,196 - INFO - Sign Up for Free button clicked successfully.
2025-09-06 21:39:16,196 - INFO - Navigated to Sign Up page successfully.
2025-09-06 21:39:18,357 - INFO - Sign In link clicked successfully.
2025-09-06 21:39:18,359 - INFO - Navigated to Sign In page successfully.
2025-09-06 21:39:20,420 - INFO - Sign In page loaded successfully.
2025-09-06 21:39:20,860 - INFO - Email entered successfully in login form.
2025-09-06 21:39:20,860 - INFO - Email entered successfully in login form.
2025-09-06 21:39:21,164 - INFO - Password entered successfully in login form.
2025-09-06 21:39:21,164 - INFO - Password entered successfully in login form.
2025-09-06 21:39:22,010 - INFO - Log In button clicked successfully.
2025-09-06 21:39:22,011 - INFO - Log In button clicked successfully.
2025-09-06 21:39:25,877 - INFO - Login success message found: Login successful!
2025-09-06 21:39:25,892 - INFO - User authentication indicators found - login confirmed
2025-09-06 21:39:25,892 - INFO - Login completed successfully for user: john.doe.test__16@gmail.com
2025-09-06 21:39:25,892 - INFO - Login completed successfully before admission form
2025-09-06 21:39:38,187 - INFO - Apply Now button clicked successfully.
2025-09-06 21:39:40,413 - INFO - Full Name 'John Doe' entered successfully.
2025-09-06 21:39:41,270 - INFO - Gender 'Male' selected successfully.
2025-09-06 21:39:42,453 - ERROR - Failed to enter date of birth: not enough values to unpack (expected 3, got 1)
2025-09-06 21:39:43,259 - INFO - Script complete.
2025-09-06 21:39:46,732 - INFO - Ending browser session...
2025-09-06 21:39:46,732 - INFO - ...................
2025-09-06 21:39:46,733 - INFO - ...................
2025-09-06 21:43:51,802 - INFO - Starting browser session with chrome...
2025-09-06 21:43:53,755 - INFO - chrome browser launched successfully.
2025-09-06 21:43:55,449 - INFO - URL opened successfully.
2025-09-06 21:43:55,450 - INFO - TC_AD_09 with Login Started..
2025-09-06 21:43:55,450 - INFO - Verify Student Personal Information Form with Valid Data
2025-09-06 21:43:55,451 - INFO - Starting login process for TC_AD_09
2025-09-06 21:43:55,795 - INFO - Sign Up for Free button clicked successfully.
2025-09-06 21:43:55,795 - INFO - Navigated to Sign Up page successfully.
2025-09-06 21:43:57,942 - INFO - Sign In link clicked successfully.
2025-09-06 21:43:57,942 - INFO - Navigated to Sign In page successfully.
2025-09-06 21:44:00,051 - INFO - Sign In page loaded successfully.
2025-09-06 21:44:00,476 - INFO - Email entered successfully in login form.
2025-09-06 21:44:00,478 - INFO - Email entered successfully in login form.
2025-09-06 21:44:00,704 - INFO - Password entered successfully in login form.
2025-09-06 21:44:00,704 - INFO - Password entered successfully in login form.
2025-09-06 21:44:01,544 - INFO - Log In button clicked successfully.
2025-09-06 21:44:01,544 - INFO - Log In button clicked successfully.
2025-09-06 21:44:05,447 - INFO - Login success message found: Login successful!
2025-09-06 21:44:05,466 - INFO - User authentication indicators found - login confirmed
2025-09-06 21:44:05,466 - INFO - Login completed successfully for user: john.doe.test__16@gmail.com
2025-09-06 21:44:05,466 - INFO - Login completed successfully before admission form
2025-09-06 21:44:17,914 - INFO - Apply Now button clicked successfully.
2025-09-06 21:44:20,147 - INFO - Full Name 'John Doe' entered successfully.
2025-09-06 21:44:20,982 - INFO - Gender 'Male' selected successfully.
2025-09-06 21:44:22,011 - INFO - Date of Birth '2000-05-15' entered successfully.
2025-09-06 21:44:22,927 - INFO - Nationality 'Bangladeshi' selected successfully.
2025-09-06 21:44:23,756 - INFO - Religion 'Islam' selected successfully.
2025-09-06 21:44:24,012 - INFO - Contact number '01712345678' entered successfully.
2025-09-06 21:44:24,298 - INFO - Email 'john@example.com' entered successfully.
2025-09-06 21:44:24,480 - INFO - Present Address 'mohakhali' entered successfully.
2025-09-06 21:44:27,695 - INFO - Save & Continue button clicked successfully.
2025-09-06 21:44:35,730 - INFO - Test Passed. All fields successfully accepted valid inputs without any errors
2025-09-06 21:44:35,730 - INFO - TC_AD_09 with Login Completed..
2025-09-06 21:44:35,733 - INFO - Script complete.
2025-09-06 21:44:38,109 - INFO - Ending browser session...
2025-09-06 21:44:38,110 - INFO - ...................
2025-09-06 21:44:38,110 - INFO - ...................
2025-09-06 21:45:25,140 - INFO - Starting browser session with chrome...
2025-09-06 21:45:26,769 - INFO - chrome browser launched successfully.
2025-09-06 21:45:29,573 - INFO - URL opened successfully.
2025-09-06 21:45:29,574 - INFO - TC_AD_09 with Login Started..
2025-09-06 21:45:29,574 - INFO - Verify Student Personal Information Form with Valid Data
2025-09-06 21:45:29,574 - INFO - Starting login process for TC_AD_09
2025-09-06 21:45:29,713 - INFO - Sign Up for Free button clicked successfully.
2025-09-06 21:45:29,713 - INFO - Navigated to Sign Up page successfully.
2025-09-06 21:45:31,897 - INFO - Sign In link clicked successfully.
2025-09-06 21:45:31,897 - INFO - Navigated to Sign In page successfully.
2025-09-06 21:45:33,953 - INFO - Sign In page loaded successfully.
2025-09-06 21:45:34,394 - INFO - Email entered successfully in login form.
2025-09-06 21:45:34,394 - INFO - Email entered successfully in login form.
2025-09-06 21:45:34,635 - INFO - Password entered successfully in login form.
2025-09-06 21:45:34,635 - INFO - Password entered successfully in login form.
2025-09-06 21:45:35,614 - INFO - Log In button clicked successfully.
2025-09-06 21:45:35,614 - INFO - Log In button clicked successfully.
2025-09-06 21:45:39,586 - INFO - Login success message found: Login successful!
2025-09-06 21:45:39,624 - INFO - User authentication indicators found - login confirmed
2025-09-06 21:45:39,624 - INFO - Login completed successfully for user: john.doe.test__16@gmail.com
2025-09-06 21:45:39,624 - INFO - Login completed successfully before admission form
2025-09-06 21:45:51,939 - INFO - Apply Now button clicked successfully.
2025-09-06 21:45:54,162 - INFO - Full Name 'John Doe' entered successfully.
2025-09-06 21:45:55,000 - INFO - Gender 'Male' selected successfully.
2025-09-06 21:45:56,024 - INFO - Date of Birth '2000-05-15' entered successfully.
2025-09-06 21:45:56,985 - INFO - Nationality 'Bangladeshi' selected successfully.
2025-09-06 21:45:57,822 - INFO - Religion 'Islam' selected successfully.
2025-09-06 21:45:58,139 - INFO - Contact number '01712345678' entered successfully.
2025-09-06 21:45:58,457 - INFO - Email 'john@example.com' entered successfully.
2025-09-06 21:45:58,673 - INFO - Present Address 'mohakhali' entered successfully.
2025-09-06 21:46:01,920 - INFO - Save & Continue button clicked successfully.
2025-09-06 21:46:10,000 - INFO - Test Passed. All fields successfully accepted valid inputs without any errors
2025-09-06 21:46:10,001 - INFO - TC_AD_09 with Login Completed..
2025-09-06 21:46:10,005 - INFO - Script complete.
2025-09-06 21:46:12,411 - INFO - Ending browser session...
2025-09-06 21:46:12,412 - INFO - ...................
2025-09-06 21:46:12,412 - INFO - ...................
2025-09-06 21:49:15,589 - INFO - Starting browser session with chrome...
2025-09-06 21:49:17,235 - INFO - chrome browser launched successfully.
2025-09-06 21:49:18,682 - INFO - URL opened successfully.
2025-09-06 21:49:18,683 - INFO - TC_AD_09 with Login Started..
2025-09-06 21:49:18,683 - INFO - Verify Student Personal Information Form with Valid Data
2025-09-06 21:49:18,683 - INFO - Starting login process for TC_AD_09
2025-09-06 21:49:18,899 - INFO - Sign Up for Free button clicked successfully.
2025-09-06 21:49:18,899 - INFO - Navigated to Sign Up page successfully.
2025-09-06 21:49:21,060 - INFO - Sign In link clicked successfully.
2025-09-06 21:49:21,061 - INFO - Navigated to Sign In page successfully.
2025-09-06 21:49:23,106 - INFO - Sign In page loaded successfully.
2025-09-06 21:49:23,536 - INFO - Email entered successfully in login form.
2025-09-06 21:49:23,536 - INFO - Email entered successfully in login form.
2025-09-06 21:49:23,835 - INFO - Password entered successfully in login form.
2025-09-06 21:49:23,835 - INFO - Password entered successfully in login form.
2025-09-06 21:49:24,795 - INFO - Log In button clicked successfully.
2025-09-06 21:49:24,795 - INFO - Log In button clicked successfully.
2025-09-06 21:49:28,698 - INFO - Login success message found: Login successful!
2025-09-06 21:49:28,719 - INFO - User authentication indicators found - login confirmed
2025-09-06 21:49:28,719 - INFO - Login completed successfully for user: john.doe.test__16@gmail.com
2025-09-06 21:49:28,719 - INFO - Login completed successfully before admission form
2025-09-06 21:49:41,014 - INFO - Apply Now button clicked successfully.
2025-09-06 21:49:43,250 - INFO - Full Name 'John Doe' entered successfully.
2025-09-06 21:49:44,098 - INFO - Gender 'Male' selected successfully.
2025-09-06 21:50:06,924 - ERROR - Failed to enter date of birth: Message: 
Stacktrace:
	GetHandleVerifier [0x0x7ff6a2e13d85+79397]
	GetHandleVerifier [0x0x7ff6a2e13de0+79488]
	(No symbol) [0x0x7ff6a2bbc0fa]
	(No symbol) [0x0x7ff6a2c12fd6]
	(No symbol) [0x0x7ff6a2c1328c]
	(No symbol) [0x0x7ff6a2c66537]
	(No symbol) [0x0x7ff6a2c3b1df]
	(No symbol) [0x0x7ff6a2c63344]
	(No symbol) [0x0x7ff6a2c3af73]
	(No symbol) [0x0x7ff6a2c041b1]
	(No symbol) [0x0x7ff6a2c04f43]
	GetHandleVerifier [0x0x7ff6a30de1ed+3005069]
	GetHandleVerifier [0x0x7ff6a30d831d+2980797]
	GetHandleVerifier [0x0x7ff6a30f7e0d+3110573]
	GetHandleVerifier [0x0x7ff6a2e2d6de+184190]
	GetHandleVerifier [0x0x7ff6a2e3516f+215567]
	GetHandleVerifier [0x0x7ff6a2e1c974+115220]
	GetHandleVerifier [0x0x7ff6a2e1cb29+115657]
	GetHandleVerifier [0x0x7ff6a2e03268+11016]
	BaseThreadInitThunk [0x0x7ffbf38ee8d7+23]
	RtlUserThreadStart [0x0x7ffbf575c34c+44]

2025-09-06 21:50:07,713 - INFO - Script complete.
2025-09-06 21:50:10,091 - INFO - Ending browser session...
2025-09-06 21:50:10,092 - INFO - ...................
2025-09-06 21:50:10,092 - INFO - ...................
2025-09-06 21:56:32,014 - INFO - Starting browser session with chrome...
2025-09-06 21:56:33,686 - INFO - chrome browser launched successfully.
2025-09-06 21:56:34,960 - INFO - URL opened successfully.
2025-09-06 21:56:34,961 - INFO - TC_AD_09 with Login Started..
2025-09-06 21:56:34,961 - INFO - Verify Student Personal Information Form with Valid Data
2025-09-06 21:56:34,961 - INFO - Starting login process for TC_AD_09
2025-09-06 21:56:35,630 - INFO - Sign Up for Free button clicked successfully.
2025-09-06 21:56:35,630 - INFO - Navigated to Sign Up page successfully.
2025-09-06 21:56:37,796 - INFO - Sign In link clicked successfully.
2025-09-06 21:56:37,797 - INFO - Navigated to Sign In page successfully.
2025-09-06 21:56:39,840 - INFO - Sign In page loaded successfully.
2025-09-06 21:56:40,286 - INFO - Email entered successfully in login form.
2025-09-06 21:56:40,286 - INFO - Email entered successfully in login form.
2025-09-06 21:56:40,527 - INFO - Password entered successfully in login form.
2025-09-06 21:56:40,527 - INFO - Password entered successfully in login form.
2025-09-06 21:56:41,323 - INFO - Log In button clicked successfully.
2025-09-06 21:56:41,323 - INFO - Log In button clicked successfully.
2025-09-06 21:56:45,197 - INFO - Login success message found: Login successful!
2025-09-06 21:56:45,214 - INFO - User authentication indicators found - login confirmed
2025-09-06 21:56:45,214 - INFO - Login completed successfully for user: john.doe.test__16@gmail.com
2025-09-06 21:56:45,214 - INFO - Login completed successfully before admission form
2025-09-06 21:56:57,489 - INFO - Apply Now button clicked successfully.
2025-09-06 21:56:59,712 - INFO - Full Name 'John Doe' entered successfully.
2025-09-06 21:57:00,575 - INFO - Gender 'Male' selected successfully.
2025-09-06 21:57:00,757 - INFO - Date picker opened
2025-09-06 21:57:45,725 - ERROR - Error selecting year 2000: Message: 
Stacktrace:
	GetHandleVerifier [0x0x7ff6a2e13d85+79397]
	GetHandleVerifier [0x0x7ff6a2e13de0+79488]
	(No symbol) [0x0x7ff6a2bbc0fa]
	(No symbol) [0x0x7ff6a2c12fd6]
	(No symbol) [0x0x7ff6a2c1328c]
	(No symbol) [0x0x7ff6a2c66537]
	(No symbol) [0x0x7ff6a2c3b1df]
	(No symbol) [0x0x7ff6a2c63344]
	(No symbol) [0x0x7ff6a2c3af73]
	(No symbol) [0x0x7ff6a2c041b1]
	(No symbol) [0x0x7ff6a2c04f43]
	GetHandleVerifier [0x0x7ff6a30de1ed+3005069]
	GetHandleVerifier [0x0x7ff6a30d831d+2980797]
	GetHandleVerifier [0x0x7ff6a30f7e0d+3110573]
	GetHandleVerifier [0x0x7ff6a2e2d6de+184190]
	GetHandleVerifier [0x0x7ff6a2e3516f+215567]
	GetHandleVerifier [0x0x7ff6a2e1c974+115220]
	GetHandleVerifier [0x0x7ff6a2e1cb29+115657]
	GetHandleVerifier [0x0x7ff6a2e03268+11016]
	BaseThreadInitThunk [0x0x7ffbf38ee8d7+23]
	RtlUserThreadStart [0x0x7ffbf575c34c+44]

2025-09-06 21:57:45,726 - ERROR - Error navigating to year/month: Message: 
Stacktrace:
	GetHandleVerifier [0x0x7ff6a2e13d85+79397]
	GetHandleVerifier [0x0x7ff6a2e13de0+79488]
	(No symbol) [0x0x7ff6a2bbc0fa]
	(No symbol) [0x0x7ff6a2c12fd6]
	(No symbol) [0x0x7ff6a2c1328c]
	(No symbol) [0x0x7ff6a2c66537]
	(No symbol) [0x0x7ff6a2c3b1df]
	(No symbol) [0x0x7ff6a2c63344]
	(No symbol) [0x0x7ff6a2c3af73]
	(No symbol) [0x0x7ff6a2c041b1]
	(No symbol) [0x0x7ff6a2c04f43]
	GetHandleVerifier [0x0x7ff6a30de1ed+3005069]
	GetHandleVerifier [0x0x7ff6a30d831d+2980797]
	GetHandleVerifier [0x0x7ff6a30f7e0d+3110573]
	GetHandleVerifier [0x0x7ff6a2e2d6de+184190]
	GetHandleVerifier [0x0x7ff6a2e3516f+215567]
	GetHandleVerifier [0x0x7ff6a2e1c974+115220]
	GetHandleVerifier [0x0x7ff6a2e1cb29+115657]
	GetHandleVerifier [0x0x7ff6a2e03268+11016]
	BaseThreadInitThunk [0x0x7ffbf38ee8d7+23]
	RtlUserThreadStart [0x0x7ffbf575c34c+44]

2025-09-06 21:57:50,819 - ERROR - Error navigating with arrows: Message: no such element: Unable to locate element: {"method":"css selector","selector":".ant-picker-header-prev-btn"}
  (Session info: chrome=139.0.7258.157); For documentation on this error, please visit: https://www.selenium.dev/documentation/webdriver/troubleshooting/errors#nosuchelementexception
Stacktrace:
	GetHandleVerifier [0x0x7ff6a2e13d85+79397]
	GetHandleVerifier [0x0x7ff6a2e13de0+79488]
	(No symbol) [0x0x7ff6a2bbc0fa]
	(No symbol) [0x0x7ff6a2c12fd6]
	(No symbol) [0x0x7ff6a2c1328c]
	(No symbol) [0x0x7ff6a2c66537]
	(No symbol) [0x0x7ff6a2c3b1df]
	(No symbol) [0x0x7ff6a2c63344]
	(No symbol) [0x0x7ff6a2c3af73]
	(No symbol) [0x0x7ff6a2c041b1]
	(No symbol) [0x0x7ff6a2c04f43]
	GetHandleVerifier [0x0x7ff6a30de1ed+3005069]
	GetHandleVerifier [0x0x7ff6a30d831d+2980797]
	GetHandleVerifier [0x0x7ff6a30f7e0d+3110573]
	GetHandleVerifier [0x0x7ff6a2e2d6de+184190]
	GetHandleVerifier [0x0x7ff6a2e3516f+215567]
	GetHandleVerifier [0x0x7ff6a2e1c974+115220]
	GetHandleVerifier [0x0x7ff6a2e1cb29+115657]
	GetHandleVerifier [0x0x7ff6a2e03268+11016]
	BaseThreadInitThunk [0x0x7ffbf38ee8d7+23]
	RtlUserThreadStart [0x0x7ffbf575c34c+44]

2025-09-06 21:57:50,820 - ERROR - Error selecting date: Message: no such element: Unable to locate element: {"method":"css selector","selector":".ant-picker-header-prev-btn"}
  (Session info: chrome=139.0.7258.157); For documentation on this error, please visit: https://www.selenium.dev/documentation/webdriver/troubleshooting/errors#nosuchelementexception
Stacktrace:
	GetHandleVerifier [0x0x7ff6a2e13d85+79397]
	GetHandleVerifier [0x0x7ff6a2e13de0+79488]
	(No symbol) [0x0x7ff6a2bbc0fa]
	(No symbol) [0x0x7ff6a2c12fd6]
	(No symbol) [0x0x7ff6a2c1328c]
	(No symbol) [0x0x7ff6a2c66537]
	(No symbol) [0x0x7ff6a2c3b1df]
	(No symbol) [0x0x7ff6a2c63344]
	(No symbol) [0x0x7ff6a2c3af73]
	(No symbol) [0x0x7ff6a2c041b1]
	(No symbol) [0x0x7ff6a2c04f43]
	GetHandleVerifier [0x0x7ff6a30de1ed+3005069]
	GetHandleVerifier [0x0x7ff6a30d831d+2980797]
	GetHandleVerifier [0x0x7ff6a30f7e0d+3110573]
	GetHandleVerifier [0x0x7ff6a2e2d6de+184190]
	GetHandleVerifier [0x0x7ff6a2e3516f+215567]
	GetHandleVerifier [0x0x7ff6a2e1c974+115220]
	GetHandleVerifier [0x0x7ff6a2e1cb29+115657]
	GetHandleVerifier [0x0x7ff6a2e03268+11016]
	BaseThreadInitThunk [0x0x7ffbf38ee8d7+23]
	RtlUserThreadStart [0x0x7ffbf575c34c+44]

2025-09-06 21:58:12,538 - ERROR - Failed to enter date of birth: Message: no such element: Unable to locate element: {"method":"css selector","selector":".ant-picker-header-prev-btn"}
  (Session info: chrome=139.0.7258.157); For documentation on this error, please visit: https://www.selenium.dev/documentation/webdriver/troubleshooting/errors#nosuchelementexception
Stacktrace:
	GetHandleVerifier [0x0x7ff6a2e13d85+79397]
	GetHandleVerifier [0x0x7ff6a2e13de0+79488]
	(No symbol) [0x0x7ff6a2bbc0fa]
	(No symbol) [0x0x7ff6a2c12fd6]
	(No symbol) [0x0x7ff6a2c1328c]
	(No symbol) [0x0x7ff6a2c66537]
	(No symbol) [0x0x7ff6a2c3b1df]
	(No symbol) [0x0x7ff6a2c63344]
	(No symbol) [0x0x7ff6a2c3af73]
	(No symbol) [0x0x7ff6a2c041b1]
	(No symbol) [0x0x7ff6a2c04f43]
	GetHandleVerifier [0x0x7ff6a30de1ed+3005069]
	GetHandleVerifier [0x0x7ff6a30d831d+2980797]
	GetHandleVerifier [0x0x7ff6a30f7e0d+3110573]
	GetHandleVerifier [0x0x7ff6a2e2d6de+184190]
	GetHandleVerifier [0x0x7ff6a2e3516f+215567]
	GetHandleVerifier [0x0x7ff6a2e1c974+115220]
	GetHandleVerifier [0x0x7ff6a2e1cb29+115657]
	GetHandleVerifier [0x0x7ff6a2e03268+11016]
	BaseThreadInitThunk [0x0x7ffbf38ee8d7+23]
	RtlUserThreadStart [0x0x7ffbf575c34c+44]

2025-09-06 21:58:13,579 - INFO - Script complete.
2025-09-06 21:58:15,950 - INFO - Ending browser session...
2025-09-06 21:58:15,951 - INFO - ...................
2025-09-06 21:58:15,951 - INFO - ...................
2025-09-06 22:17:55,805 - INFO - Starting browser session with chrome...
2025-09-06 22:17:59,365 - INFO - chrome browser launched successfully.
2025-09-06 22:17:59,663 - INFO - URL opened successfully.
2025-09-06 22:17:59,665 - INFO - TC_AD_09 with Login Started..
2025-09-06 22:17:59,666 - INFO - Verify Student Personal Information Form with Valid Data
2025-09-06 22:17:59,666 - INFO - Starting login process for TC_AD_09
2025-09-06 22:18:01,148 - INFO - Sign Up for Free button clicked successfully.
2025-09-06 22:18:01,148 - INFO - Navigated to Sign Up page successfully.
2025-09-06 22:18:03,310 - INFO - Sign In link clicked successfully.
2025-09-06 22:18:03,310 - INFO - Navigated to Sign In page successfully.
2025-09-06 22:18:05,366 - INFO - Sign In page loaded successfully.
2025-09-06 22:18:05,810 - INFO - Email entered successfully in login form.
2025-09-06 22:18:05,810 - INFO - Email entered successfully in login form.
2025-09-06 22:18:06,049 - INFO - Password entered successfully in login form.
2025-09-06 22:18:06,049 - INFO - Password entered successfully in login form.
2025-09-06 22:18:06,952 - INFO - Log In button clicked successfully.
2025-09-06 22:18:06,952 - INFO - Log In button clicked successfully.
2025-09-06 22:18:10,722 - INFO - Login success message found: Login successful!
2025-09-06 22:18:10,741 - INFO - User authentication indicators found - login confirmed
2025-09-06 22:18:10,742 - INFO - Login completed successfully for user: john.doe.test__16@gmail.com
2025-09-06 22:18:10,743 - INFO - Login completed successfully before admission form
2025-09-06 22:18:22,990 - INFO - Apply Now button clicked successfully.
2025-09-06 22:18:25,221 - INFO - Full Name 'John Doe' entered successfully.
2025-09-06 22:18:26,083 - INFO - Gender 'Male' selected successfully.
2025-09-06 22:18:26,083 - INFO - Attempting to select date of birth: 2000-05-15
2025-09-06 22:18:26,084 - INFO - Trying selector: input[placeholder='Select date']
2025-09-06 22:18:27,511 - INFO - Date picker opened for selector: input[placeholder='Select date']
2025-09-06 22:18:29,893 - INFO - Date selected successfully using method 1
2025-09-06 22:18:29,894 - INFO - Date of birth '2000-05-15' selected successfully using selector: input[placeholder='Select date']
2025-09-06 22:18:30,895 - INFO - Date of Birth '2000-05-15' entered successfully.
2025-09-06 22:18:31,283 - INFO - Nationality 'Bangladeshi' selected successfully.
2025-09-06 22:18:32,145 - INFO - Religion 'Islam' selected successfully.
2025-09-06 22:18:32,399 - INFO - Contact number '01712345678' entered successfully.
2025-09-06 22:18:32,776 - INFO - Email 'john@example.com' entered successfully.
2025-09-06 22:18:33,021 - INFO - Present Address 'mohakhali' entered successfully.
2025-09-06 22:18:36,247 - INFO - Save & Continue button clicked successfully.
2025-09-06 22:18:44,311 - INFO - Test Passed. All fields successfully accepted valid inputs without any errors
2025-09-06 22:18:44,311 - INFO - TC_AD_09 with Login Completed..
2025-09-06 22:18:44,312 - INFO - Script complete.
2025-09-06 22:18:46,714 - INFO - Ending browser session...
2025-09-06 22:18:46,714 - INFO - ...................
2025-09-06 22:18:46,715 - INFO - ...................
2025-09-06 22:20:49,568 - INFO - Starting browser session with chrome...
2025-09-06 22:20:51,183 - INFO - chrome browser launched successfully.
2025-09-06 22:20:52,764 - INFO - URL opened successfully.
2025-09-06 22:20:52,765 - INFO - TC_AD_09 with Login Started..
2025-09-06 22:20:52,766 - INFO - Verify Student Personal Information Form with Valid Data
2025-09-06 22:20:52,766 - INFO - Starting login process for TC_AD_09
2025-09-06 22:20:52,982 - INFO - Sign Up for Free button clicked successfully.
2025-09-06 22:20:52,982 - INFO - Navigated to Sign Up page successfully.
2025-09-06 22:20:55,130 - INFO - Sign In link clicked successfully.
2025-09-06 22:20:55,131 - INFO - Navigated to Sign In page successfully.
2025-09-06 22:20:57,194 - INFO - Sign In page loaded successfully.
2025-09-06 22:20:57,640 - INFO - Email entered successfully in login form.
2025-09-06 22:20:57,640 - INFO - Email entered successfully in login form.
2025-09-06 22:20:57,932 - INFO - Password entered successfully in login form.
2025-09-06 22:20:57,932 - INFO - Password entered successfully in login form.
2025-09-06 22:20:58,836 - INFO - Log In button clicked successfully.
2025-09-06 22:20:58,836 - INFO - Log In button clicked successfully.
2025-09-06 22:21:02,626 - INFO - Login success message found: Login successful!
2025-09-06 22:21:02,645 - INFO - User authentication indicators found - login confirmed
2025-09-06 22:21:02,646 - INFO - Login completed successfully for user: john.doe.test__16@gmail.com
2025-09-06 22:21:02,646 - INFO - Login completed successfully before admission form
2025-09-06 22:21:14,982 - INFO - Apply Now button clicked successfully.
2025-09-06 22:21:17,203 - INFO - Full Name 'John Doe' entered successfully.
2025-09-06 22:21:18,030 - INFO - Gender 'Male' selected successfully.
2025-09-06 22:21:18,031 - INFO - Attempting to select date of birth: 2000-05-15
2025-09-06 22:21:18,031 - INFO - Trying selector: input[placeholder='Select date']
2025-09-06 22:21:19,448 - INFO - Date picker opened for selector: input[placeholder='Select date']
2025-09-06 22:21:42,883 - WARNING - Year navigation failed: Message: 
Stacktrace:
	GetHandleVerifier [0x0x7ff6a2e13d85+79397]
	GetHandleVerifier [0x0x7ff6a2e13de0+79488]
	(No symbol) [0x0x7ff6a2bbc0fa]
	(No symbol) [0x0x7ff6a2c12fd6]
	(No symbol) [0x0x7ff6a2c1328c]
	(No symbol) [0x0x7ff6a2c66537]
	(No symbol) [0x0x7ff6a2c3b1df]
	(No symbol) [0x0x7ff6a2c63344]
	(No symbol) [0x0x7ff6a2c3af73]
	(No symbol) [0x0x7ff6a2c041b1]
	(No symbol) [0x0x7ff6a2c04f43]
	GetHandleVerifier [0x0x7ff6a30de1ed+3005069]
	GetHandleVerifier [0x0x7ff6a30d831d+2980797]
	GetHandleVerifier [0x0x7ff6a30f7e0d+3110573]
	GetHandleVerifier [0x0x7ff6a2e2d6de+184190]
	GetHandleVerifier [0x0x7ff6a2e3516f+215567]
	GetHandleVerifier [0x0x7ff6a2e1c974+115220]
	GetHandleVerifier [0x0x7ff6a2e1cb29+115657]
	GetHandleVerifier [0x0x7ff6a2e03268+11016]
	BaseThreadInitThunk [0x0x7ffbf38ee8d7+23]
	RtlUserThreadStart [0x0x7ffbf575c34c+44]

2025-09-06 22:23:09,719 - WARNING - Retrying (Retry(total=2, connect=None, read=None, redirect=None, status=None)) after connection broken by 'NewConnectionError('<urllib3.connection.HTTPConnection object at 0x00000131EA5CD0F0>: Failed to establish a new connection: [WinError 10061] No connection could be made because the target machine actively refused it')': /session/6fb1e14583ddde786060db3e0f4e4892/element/f.120BEBE0499E29A4042179D4627E2FD2.d.3C8A5081E59AC6330DA50AA89722EE92.e.129/clear
2025-09-06 22:23:13,807 - WARNING - Retrying (Retry(total=1, connect=None, read=None, redirect=None, status=None)) after connection broken by 'NewConnectionError('<urllib3.connection.HTTPConnection object at 0x00000131EA5CD220>: Failed to establish a new connection: [WinError 10061] No connection could be made because the target machine actively refused it')': /session/6fb1e14583ddde786060db3e0f4e4892/element/f.120BEBE0499E29A4042179D4627E2FD2.d.3C8A5081E59AC6330DA50AA89722EE92.e.129/clear
2025-09-06 22:23:17,867 - WARNING - Retrying (Retry(total=0, connect=None, read=None, redirect=None, status=None)) after connection broken by 'NewConnectionError('<urllib3.connection.HTTPConnection object at 0x00000131EA581910>: Failed to establish a new connection: [WinError 10061] No connection could be made because the target machine actively refused it')': /session/6fb1e14583ddde786060db3e0f4e4892/element/f.120BEBE0499E29A4042179D4627E2FD2.d.3C8A5081E59AC6330DA50AA89722EE92.e.129/clear
2025-09-06 22:23:21,913 - ERROR - All date selection methods failed
2025-09-06 22:23:21,913 - INFO - Trying selector: input[placeholder*='date']
2025-09-06 22:23:45,426 - INFO - Starting browser session with chrome...
2025-09-06 22:23:47,129 - INFO - chrome browser launched successfully.
2025-09-06 22:23:48,303 - INFO - URL opened successfully.
2025-09-06 22:23:48,305 - INFO - TC_AD_09 with Login Started..
2025-09-06 22:23:48,305 - INFO - Verify Student Personal Information Form with Valid Data
2025-09-06 22:23:48,305 - INFO - Starting login process for TC_AD_09
2025-09-06 22:23:48,781 - INFO - Sign Up for Free button clicked successfully.
2025-09-06 22:23:48,782 - INFO - Navigated to Sign Up page successfully.
2025-09-06 22:23:50,950 - INFO - Sign In link clicked successfully.
2025-09-06 22:23:50,950 - INFO - Navigated to Sign In page successfully.
2025-09-06 22:23:53,012 - INFO - Sign In page loaded successfully.
2025-09-06 22:23:53,448 - INFO - Email entered successfully in login form.
2025-09-06 22:23:53,449 - INFO - Email entered successfully in login form.
2025-09-06 22:23:53,698 - INFO - Password entered successfully in login form.
2025-09-06 22:23:53,699 - INFO - Password entered successfully in login form.
2025-09-06 22:23:54,601 - INFO - Log In button clicked successfully.
2025-09-06 22:23:54,601 - INFO - Log In button clicked successfully.
2025-09-06 22:23:58,489 - INFO - Login success message found: Login successful!
2025-09-06 22:23:58,505 - INFO - User authentication indicators found - login confirmed
2025-09-06 22:23:58,505 - INFO - Login completed successfully for user: john.doe.test__16@gmail.com
2025-09-06 22:23:58,505 - INFO - Login completed successfully before admission form
2025-09-06 22:24:10,861 - INFO - Apply Now button clicked successfully.
2025-09-06 22:24:13,095 - INFO - Full Name 'John Doe' entered successfully.
2025-09-06 22:24:13,957 - INFO - Gender 'Male' selected successfully.
2025-09-06 22:24:13,957 - INFO - Attempting to select date of birth: 2000-05-15
2025-09-06 22:24:13,957 - INFO - Trying selector: input[placeholder='Select date']
2025-09-06 22:24:15,464 - INFO - Date picker opened for selector: input[placeholder='Select date']
2025-09-06 22:24:18,651 - ERROR - All date selection methods failed
2025-09-06 22:24:18,652 - INFO - Trying selector: input[placeholder*='date']
2025-09-06 22:24:20,023 - INFO - Date picker opened for selector: input[placeholder*='date']
2025-09-06 22:24:23,161 - ERROR - All date selection methods failed
2025-09-06 22:24:23,161 - INFO - Trying selector: .ant-picker-input input
2025-09-06 22:24:24,505 - INFO - Date picker opened for selector: .ant-picker-input input
2025-09-06 22:24:27,676 - ERROR - All date selection methods failed
2025-09-06 22:24:27,676 - INFO - Trying selector: input[class*='ant-picker']
2025-09-06 22:24:49,340 - ERROR - Error in select_antd_date: Message: 
Stacktrace:
	GetHandleVerifier [0x0x7ff6a2e13d85+79397]
	GetHandleVerifier [0x0x7ff6a2e13de0+79488]
	(No symbol) [0x0x7ff6a2bbc0fa]
	(No symbol) [0x0x7ff6a2c12fd6]
	(No symbol) [0x0x7ff6a2c1328c]
	(No symbol) [0x0x7ff6a2c66537]
	(No symbol) [0x0x7ff6a2c3b1df]
	(No symbol) [0x0x7ff6a2c63344]
	(No symbol) [0x0x7ff6a2c3af73]
	(No symbol) [0x0x7ff6a2c041b1]
	(No symbol) [0x0x7ff6a2c04f43]
	GetHandleVerifier [0x0x7ff6a30de1ed+3005069]
	GetHandleVerifier [0x0x7ff6a30d831d+2980797]
	GetHandleVerifier [0x0x7ff6a30f7e0d+3110573]
	GetHandleVerifier [0x0x7ff6a2e2d6de+184190]
	GetHandleVerifier [0x0x7ff6a2e3516f+215567]
	GetHandleVerifier [0x0x7ff6a2e1c974+115220]
	GetHandleVerifier [0x0x7ff6a2e1cb29+115657]
	GetHandleVerifier [0x0x7ff6a2e03268+11016]
	BaseThreadInitThunk [0x0x7ffbf38ee8d7+23]
	RtlUserThreadStart [0x0x7ffbf575c34c+44]

2025-09-06 22:24:49,341 - INFO - Trying selector: input[id*='dateOfBirth']
2025-09-06 22:25:05,769 - ERROR - Error in select_antd_date: ('Connection aborted.', ConnectionResetError(10054, 'An existing connection was forcibly closed by the remote host', None, 10054, None))
2025-09-06 22:25:05,769 - INFO - Trying selector: input[name*='dob']
2025-09-06 22:25:25,928 - INFO - Starting browser session with chrome...
2025-09-06 22:25:27,588 - INFO - chrome browser launched successfully.
2025-09-06 22:25:28,549 - INFO - URL opened successfully.
2025-09-06 22:25:28,550 - INFO - TC_AD_09 with Login Started..
2025-09-06 22:25:28,551 - INFO - Verify Student Personal Information Form with Valid Data
2025-09-06 22:25:28,551 - INFO - Starting login process for TC_AD_09
2025-09-06 22:25:29,165 - INFO - Sign Up for Free button clicked successfully.
2025-09-06 22:25:29,165 - INFO - Navigated to Sign Up page successfully.
2025-09-06 22:25:31,320 - INFO - Sign In link clicked successfully.
2025-09-06 22:25:31,321 - INFO - Navigated to Sign In page successfully.
2025-09-06 22:25:33,399 - INFO - Sign In page loaded successfully.
2025-09-06 22:25:33,776 - INFO - Email entered successfully in login form.
2025-09-06 22:25:33,777 - INFO - Email entered successfully in login form.
2025-09-06 22:25:33,976 - INFO - Password entered successfully in login form.
2025-09-06 22:25:33,976 - INFO - Password entered successfully in login form.
2025-09-06 22:25:34,793 - INFO - Log In button clicked successfully.
2025-09-06 22:25:34,793 - INFO - Log In button clicked successfully.
2025-09-06 22:25:38,712 - INFO - Login success message found: Login successful!
2025-09-06 22:25:38,734 - INFO - User authentication indicators found - login confirmed
2025-09-06 22:25:38,734 - INFO - Login completed successfully for user: john.doe.test__16@gmail.com
2025-09-06 22:25:38,734 - INFO - Login completed successfully before admission form
2025-09-06 22:25:51,232 - INFO - Apply Now button clicked successfully.
2025-09-06 22:25:53,428 - INFO - Full Name 'John Doe' entered successfully.
2025-09-06 22:25:54,263 - INFO - Gender 'Male' selected successfully.
2025-09-06 22:25:54,264 - INFO - Attempting to select date of birth: 2000-05-15
2025-09-06 22:25:54,264 - INFO - Trying selector: input[placeholder='Select date']
2025-09-06 22:25:55,635 - INFO - Date picker opened for selector: input[placeholder='Select date']
2025-09-06 22:25:57,955 - INFO - Date selected successfully using method 1
2025-09-06 22:25:57,956 - INFO - Date of birth '2000-05-15' selected successfully using selector: input[placeholder='Select date']
2025-09-06 22:25:58,957 - INFO - Date of Birth '2000-05-15' entered successfully.
2025-09-06 22:25:59,845 - INFO - Nationality 'Bangladeshi' selected successfully.
2025-09-06 22:26:00,685 - INFO - Religion 'Islam' selected successfully.
2025-09-06 22:26:00,920 - INFO - Contact number '01712345678' entered successfully.
2025-09-06 22:26:01,199 - INFO - Email 'john@example.com' entered successfully.
2025-09-06 22:26:01,391 - INFO - Present Address 'mohakhali' entered successfully.
2025-09-06 22:26:04,573 - INFO - Save & Continue button clicked successfully.
2025-09-06 22:26:14,246 - INFO - Test Passed. All fields successfully accepted valid inputs without any errors
2025-09-06 22:26:14,247 - INFO - TC_AD_09 with Login Completed..
2025-09-06 22:26:14,248 - INFO - Script complete.
2025-09-06 22:26:18,289 - WARNING - Retrying (Retry(total=2, connect=None, read=None, redirect=None, status=None)) after connection broken by 'NewConnectionError('<urllib3.connection.HTTPConnection object at 0x0000026AF3442FD0>: Failed to establish a new connection: [WinError 10061] No connection could be made because the target machine actively refused it')': /session/73201f94572f31cdacd26b5937d65d77
2025-09-06 22:26:22,383 - WARNING - Retrying (Retry(total=1, connect=None, read=None, redirect=None, status=None)) after connection broken by 'NewConnectionError('<urllib3.connection.HTTPConnection object at 0x0000026AF3589450>: Failed to establish a new connection: [WinError 10061] No connection could be made because the target machine actively refused it')': /session/73201f94572f31cdacd26b5937d65d77
2025-09-06 22:26:26,465 - WARNING - Retrying (Retry(total=0, connect=None, read=None, redirect=None, status=None)) after connection broken by 'NewConnectionError('<urllib3.connection.HTTPConnection object at 0x0000026AF3580E90>: Failed to establish a new connection: [WinError 10061] No connection could be made because the target machine actively refused it')': /session/73201f94572f31cdacd26b5937d65d77
2025-09-06 22:26:30,524 - INFO - Ending browser session...
2025-09-06 22:26:30,525 - INFO - ...................
2025-09-06 22:26:30,525 - INFO - ...................
2025-09-06 22:33:15,204 - INFO - Starting browser session with chrome...
2025-09-06 22:33:16,945 - INFO - chrome browser launched successfully.
2025-09-06 22:33:17,832 - INFO - URL opened successfully.
2025-09-06 22:33:17,833 - INFO - TC_AD_09 with Login Started..
2025-09-06 22:33:17,833 - INFO - Verify Student Personal Information Form with Valid Data
2025-09-06 22:33:17,833 - INFO - Starting login process for TC_AD_09
2025-09-06 22:33:18,456 - INFO - Sign Up for Free button clicked successfully.
2025-09-06 22:33:18,456 - INFO - Navigated to Sign Up page successfully.
2025-09-06 22:33:20,634 - INFO - Sign In link clicked successfully.
2025-09-06 22:33:20,635 - INFO - Navigated to Sign In page successfully.
2025-09-06 22:33:22,708 - INFO - Sign In page loaded successfully.
2025-09-06 22:33:23,289 - INFO - Email entered successfully in login form.
2025-09-06 22:33:23,289 - INFO - Email entered successfully in login form.
2025-09-06 22:33:23,649 - INFO - Password entered successfully in login form.
2025-09-06 22:33:23,649 - INFO - Password entered successfully in login form.
2025-09-06 22:33:24,434 - INFO - Log In button clicked successfully.
2025-09-06 22:33:24,435 - INFO - Log In button clicked successfully.
2025-09-06 22:33:28,295 - INFO - Login success message found: Login successful!
2025-09-06 22:33:28,320 - INFO - User authentication indicators found - login confirmed
2025-09-06 22:33:28,320 - INFO - Login completed successfully for user: john.doe.test__16@gmail.com
2025-09-06 22:33:28,320 - INFO - Login completed successfully before admission form
2025-09-06 22:33:40,577 - INFO - Apply Now button clicked successfully.
2025-09-06 22:33:42,814 - INFO - Full Name 'John Doe' entered successfully.
2025-09-06 22:33:43,110 - INFO - Gender 'Male' selected successfully.
2025-09-06 22:33:43,400 - INFO - Date of Birth '2000-05-15' entered successfully.
2025-09-06 22:33:43,783 - INFO - Nationality 'Bangladeshi' selected successfully.
2025-09-06 22:33:44,598 - INFO - Religion 'Islam' selected successfully.
2025-09-06 22:33:44,870 - INFO - Contact number '01712345678' entered successfully.
2025-09-06 22:33:45,134 - INFO - Email 'john@example.com' entered successfully.
2025-09-06 22:33:45,342 - INFO - Present Address 'mohakhali' entered successfully.
2025-09-06 22:33:48,669 - INFO - Save & Continue button clicked successfully.
2025-09-06 22:33:56,699 - INFO - Test Passed. All fields successfully accepted valid inputs without any errors
2025-09-06 22:33:56,699 - INFO - TC_AD_09 with Login Completed..
2025-09-06 22:33:56,703 - INFO - Script complete.
2025-09-06 22:33:59,085 - INFO - Ending browser session...
2025-09-06 22:33:59,085 - INFO - ...................
2025-09-06 22:33:59,086 - INFO - ...................
2025-09-06 22:34:23,320 - INFO - Starting browser session with chrome...
2025-09-06 22:34:25,081 - INFO - chrome browser launched successfully.
2025-09-06 22:34:26,547 - INFO - URL opened successfully.
2025-09-06 22:34:26,548 - INFO - TC_AD_09 with Login Started..
2025-09-06 22:34:26,548 - INFO - Verify Student Personal Information Form with Valid Data
2025-09-06 22:34:26,549 - INFO - Starting login process for TC_AD_09
2025-09-06 22:34:26,687 - INFO - Sign Up for Free button clicked successfully.
2025-09-06 22:34:26,687 - INFO - Navigated to Sign Up page successfully.
2025-09-06 22:34:28,836 - INFO - Sign In link clicked successfully.
2025-09-06 22:34:28,836 - INFO - Navigated to Sign In page successfully.
2025-09-06 22:34:30,896 - INFO - Sign In page loaded successfully.
2025-09-06 22:34:31,356 - INFO - Email entered successfully in login form.
2025-09-06 22:34:31,356 - INFO - Email entered successfully in login form.
2025-09-06 22:34:31,598 - INFO - Password entered successfully in login form.
2025-09-06 22:34:31,598 - INFO - Password entered successfully in login form.
2025-09-06 22:34:32,421 - INFO - Log In button clicked successfully.
2025-09-06 22:34:32,421 - INFO - Log In button clicked successfully.
2025-09-06 22:34:36,362 - INFO - Login success message found: Login successful!
2025-09-06 22:34:36,402 - INFO - User authentication indicators found - login confirmed
2025-09-06 22:34:36,402 - INFO - Login completed successfully for user: john.doe.test__16@gmail.com
2025-09-06 22:34:36,402 - INFO - Login completed successfully before admission form
2025-09-06 22:34:48,774 - INFO - Apply Now button clicked successfully.
2025-09-06 22:34:50,999 - INFO - Full Name 'John Doe' entered successfully.
2025-09-06 22:34:51,788 - INFO - Gender 'Male' selected successfully.
2025-09-06 22:34:52,084 - INFO - Date of Birth '2000-05-15' entered successfully.
2025-09-06 22:34:52,448 - INFO - Nationality 'Bangladeshi' selected successfully.
2025-09-06 22:34:53,240 - INFO - Religion 'Islam' selected successfully.
2025-09-06 22:34:53,518 - INFO - Contact number '01712345678' entered successfully.
2025-09-06 22:34:53,845 - INFO - Email 'john@example.com' entered successfully.
2025-09-06 22:34:54,055 - INFO - Present Address 'mohakhali' entered successfully.
2025-09-06 22:34:57,337 - INFO - Save & Continue button clicked successfully.
2025-09-06 22:35:05,388 - INFO - Test Passed. All fields successfully accepted valid inputs without any errors
2025-09-06 22:35:05,388 - INFO - TC_AD_09 with Login Completed..
2025-09-06 22:35:05,390 - INFO - Script complete.
2025-09-06 22:35:07,774 - INFO - Ending browser session...
2025-09-06 22:35:07,775 - INFO - ...................
2025-09-06 22:35:07,775 - INFO - ...................
